<?xml version="1.0" encoding="UTF-8"?>
<!-- Generated by org.testng.reporters.JUnitReportReporter -->
<testsuite skipped="0" hostname="Pragati-MacBook.local" name="test.PTestCase1" tests="1" failures="0" timestamp="23 May 2018 16:49:47 GMT" time="2.827" errors="0">
  <testcase name="day1TestCase1" time="2.827" classname="test.PTestCase1"/>
</testsuite> <!-- test.PTestCase1 -->
