<?xml version="1.0" encoding="UTF-8"?>
<!-- Generated by org.testng.reporters.JUnitReportReporter -->
<testsuite skipped="0" hostname="Pragati-MacBook.local" name="test.TestCase1" tests="2" failures="0" timestamp="23 May 2018 16:19:50 GMT" time="4.628" errors="0">
  <testcase name="testDay1TestCase1" time="3.518" classname="test.TestCase1"/>
  <testcase name="testDay1TestCase2" time="1.110" classname="test.TestCase1"/>
</testsuite> <!-- test.TestCase1 -->
