<?xml version="1.0" encoding="UTF-8"?>
<!-- Generated by org.testng.reporters.JUnitReportReporter -->
<testsuite skipped="0" hostname="Pragati-MacBook.local" name="TestCase1" tests="2" failures="0" timestamp="11 Apr 2018 18:03:23 GMT" time="4.280" errors="0">
  <testcase name="testDay1TestCase2" time="0.914" classname="TestCase1"/>
  <testcase name="testDay1TestCase1" time="3.366" classname="TestCase1"/>
</testsuite> <!-- TestCase1 -->
