<?xml version="1.0" encoding="UTF-8"?>
<!-- Generated by org.testng.reporters.JUnitReportReporter -->
<testsuite skipped="0" hostname="Pragati-MacBook.local" name="test.PTestCase2" tests="1" failures="0" timestamp="24 May 2018 17:59:24 GMT" time="3.173" errors="0">
  <testcase name="day2TestCase1" time="3.173" classname="test.PTestCase2"/>
</testsuite> <!-- test.PTestCase2 -->
